<?xml version="1.0" encoding="UTF-8"?>
<testsuite name="StringCalculatorTest" tests="1" skipped="0" failures="0" errors="0" timestamp="2020-01-30T14:51:09" hostname="recruit-ThinkCentre-M73" time="0.013">
  <properties/>
  <testcase name="TestAdd()" classname="StringCalculatorTest" time="0.013"/>
  <system-out><![CDATA[]]></system-out>
  <system-err><![CDATA[]]></system-err>
</testsuite>
